<?xml version="1.0" encoding="UTF-8"?>
<testng-results ignored="0" total="30" passed="29" failed="1" skipped="0">
  <reporter-output>
  </reporter-output>
  <suite started-at="2025-06-03T14:19:14 IST" name=" APU Test Suite" finished-at="2025-06-03T14:19:50 IST" duration-ms="35976">
    <groups>
    </groups>
    <test started-at="2025-06-03T14:19:14 IST" name="Test" finished-at="2025-06-03T14:19:50 IST" duration-ms="35976">
      <class name="testcases.UserTests">
        <test-method is-config="true" signature="setUp()[pri:0, instance:testcases.UserTests@a8ef162]" started-at="2025-06-03T14:19:37 IST" name="setUp" finished-at="2025-06-03T14:19:37 IST" duration-ms="1" status="PASS">
          <reporter-output>
          </reporter-output>
        </test-method> <!-- setUp -->
        <test-method signature="testCreateUser()[pri:0, instance:testcases.UserTests@a8ef162]" started-at="2025-06-03T14:19:37 IST" name="testCreateUser" finished-at="2025-06-03T14:19:38 IST" duration-ms="1037" status="PASS">
          <reporter-output>
          </reporter-output>
        </test-method> <!-- testCreateUser -->
        <test-method signature="testDeleteUser()[pri:0, instance:testcases.UserTests@a8ef162]" started-at="2025-06-03T14:19:38 IST" name="testDeleteUser" finished-at="2025-06-03T14:19:39 IST" duration-ms="812" status="PASS">
          <reporter-output>
          </reporter-output>
        </test-method> <!-- testDeleteUser -->
        <test-method signature="testGetAllUsers()[pri:0, instance:testcases.UserTests@a8ef162]" started-at="2025-06-03T14:19:39 IST" name="testGetAllUsers" finished-at="2025-06-03T14:19:40 IST" duration-ms="849" status="PASS">
          <reporter-output>
          </reporter-output>
        </test-method> <!-- testGetAllUsers -->
        <test-method signature="testGetUserById()[pri:0, instance:testcases.UserTests@a8ef162]" started-at="2025-06-03T14:19:40 IST" name="testGetUserById" finished-at="2025-06-03T14:19:41 IST" duration-ms="884" status="PASS">
          <reporter-output>
          </reporter-output>
        </test-method> <!-- testGetUserById -->
        <test-method signature="testGetUsersSorted()[pri:0, instance:testcases.UserTests@a8ef162]" started-at="2025-06-03T14:19:41 IST" name="testGetUsersSorted" finished-at="2025-06-03T14:19:42 IST" duration-ms="890" status="PASS">
          <reporter-output>
          </reporter-output>
        </test-method> <!-- testGetUsersSorted -->
        <test-method signature="testGetUsersSortedAsc()[pri:0, instance:testcases.UserTests@a8ef162]" started-at="2025-06-03T14:19:42 IST" name="testGetUsersSortedAsc" finished-at="2025-06-03T14:19:42 IST" duration-ms="822" status="PASS">
          <reporter-output>
          </reporter-output>
        </test-method> <!-- testGetUsersSortedAsc -->
        <test-method signature="testGetUsersWithLimit()[pri:0, instance:testcases.UserTests@a8ef162]" started-at="2025-06-03T14:19:42 IST" name="testGetUsersWithLimit" finished-at="2025-06-03T14:19:43 IST" duration-ms="788" status="PASS">
          <reporter-output>
          </reporter-output>
        </test-method> <!-- testGetUsersWithLimit -->
        <test-method signature="testUpdateUser()[pri:0, instance:testcases.UserTests@a8ef162]" started-at="2025-06-03T14:19:43 IST" name="testUpdateUser" finished-at="2025-06-03T14:19:44 IST" duration-ms="753" status="PASS">
          <reporter-output>
          </reporter-output>
        </test-method> <!-- testUpdateUser -->
      </class> <!-- testcases.UserTests -->
      <class name="testcases.CartTests">
        <test-method is-config="true" signature="setUp()[pri:0, instance:testcases.CartTests@2eea88a1]" started-at="2025-06-03T14:19:44 IST" name="setUp" finished-at="2025-06-03T14:19:44 IST" duration-ms="1" status="PASS">
          <reporter-output>
          </reporter-output>
        </test-method> <!-- setUp -->
        <test-method signature="testCreateCart()[pri:0, instance:testcases.CartTests@2eea88a1]" started-at="2025-06-03T14:19:44 IST" name="testCreateCart" finished-at="2025-06-03T14:19:45 IST" duration-ms="746" status="FAIL">
          <exception class="java.lang.AssertionError">
            <message>
              <![CDATA[1 expectation failed.
JSON path userId doesn't match.
Expected: <1>
  Actual: null
]]>
            </message>
            <full-stacktrace>
              <![CDATA[java.lang.AssertionError: 1 expectation failed.
JSON path userId doesn't match.
Expected: <1>
  Actual: null

at java.base/jdk.internal.reflect.DirectConstructorHandleAccessor.newInstance(DirectConstructorHandleAccessor.java:62)
at java.base/java.lang.reflect.Constructor.newInstanceWithCaller(Constructor.java:502)
at java.base/java.lang.reflect.Constructor.newInstance(Constructor.java:486)
at org.codehaus.groovy.reflection.CachedConstructor.invoke(CachedConstructor.java:73)
at org.codehaus.groovy.runtime.callsite.ConstructorSite$ConstructorSiteNoUnwrapNoCoerce.callConstructor(ConstructorSite.java:108)
at org.codehaus.groovy.runtime.callsite.CallSiteArray.defaultCallConstructor(CallSiteArray.java:57)
at org.codehaus.groovy.runtime.callsite.AbstractCallSite.callConstructor(AbstractCallSite.java:263)
at org.codehaus.groovy.runtime.callsite.AbstractCallSite.callConstructor(AbstractCallSite.java:277)
at io.restassured.internal.ResponseSpecificationImpl$HamcrestAssertionClosure.validate(ResponseSpecificationImpl.groovy:512)
at io.restassured.internal.ResponseSpecificationImpl$HamcrestAssertionClosure$validate$1.call(Unknown Source)
at io.restassured.internal.ResponseSpecificationImpl.validateResponseIfRequired(ResponseSpecificationImpl.groovy:696)
at io.restassured.internal.ResponseSpecificationImpl.this$2$validateResponseIfRequired(ResponseSpecificationImpl.groovy)
at java.base/jdk.internal.reflect.DirectMethodHandleAccessor.invoke(DirectMethodHandleAccessor.java:103)
at java.base/java.lang.reflect.Method.invoke(Method.java:580)
at org.codehaus.groovy.runtime.callsite.PlainObjectMetaMethodSite.doInvoke(PlainObjectMetaMethodSite.java:43)
at org.codehaus.groovy.runtime.callsite.PogoMetaMethodSite$PogoCachedMethodSiteNoUnwrapNoCoerce.invoke(PogoMetaMethodSite.java:198)
at org.codehaus.groovy.runtime.callsite.PogoMetaMethodSite.callCurrent(PogoMetaMethodSite.java:62)
at org.codehaus.groovy.runtime.callsite.AbstractCallSite.callCurrent(AbstractCallSite.java:185)
at io.restassured.internal.ResponseSpecificationImpl.body(ResponseSpecificationImpl.groovy:270)
at io.restassured.specification.ResponseSpecification$body$1.callCurrent(Unknown Source)
at org.codehaus.groovy.runtime.callsite.CallSiteArray.defaultCallCurrent(CallSiteArray.java:49)
at io.restassured.specification.ResponseSpecification$body$1.callCurrent(Unknown Source)
at io.restassured.internal.ResponseSpecificationImpl.body(ResponseSpecificationImpl.groovy:117)
at io.restassured.internal.ValidatableResponseOptionsImpl.body(ValidatableResponseOptionsImpl.java:244)
at testcases.CartTests.testCreateCart(CartTests.java:154)
at java.base/jdk.internal.reflect.DirectMethodHandleAccessor.invoke(DirectMethodHandleAccessor.java:103)
at java.base/java.lang.reflect.Method.invoke(Method.java:580)
at org.testng.internal.invokers.MethodInvocationHelper.invokeMethod(MethodInvocationHelper.java:141)
at org.testng.internal.invokers.TestInvoker.invokeMethod(TestInvoker.java:687)
at org.testng.internal.invokers.TestInvoker.invokeTestMethod(TestInvoker.java:230)
at org.testng.internal.invokers.MethodRunner.runInSequence(MethodRunner.java:63)
at org.testng.internal.invokers.TestInvoker$MethodInvocationAgent.invoke(TestInvoker.java:995)
at org.testng.internal.invokers.TestInvoker.invokeTestMethods(TestInvoker.java:203)
at org.testng.internal.invokers.TestMethodWorker.invokeTestMethods(TestMethodWorker.java:154)
at org.testng.internal.invokers.TestMethodWorker.run(TestMethodWorker.java:134)
at java.base/java.util.ArrayList.forEach(ArrayList.java:1596)
at org.testng.TestRunner.privateRun(TestRunner.java:741)
at org.testng.TestRunner.run(TestRunner.java:616)
at org.testng.SuiteRunner.runTest(SuiteRunner.java:421)
at org.testng.SuiteRunner.runSequentially(SuiteRunner.java:413)
at org.testng.SuiteRunner.privateRun(SuiteRunner.java:373)
at org.testng.SuiteRunner.run(SuiteRunner.java:312)
at org.testng.SuiteRunnerWorker.runSuite(SuiteRunnerWorker.java:52)
at org.testng.SuiteRunnerWorker.run(SuiteRunnerWorker.java:95)
at org.testng.TestNG.runSuitesSequentially(TestNG.java:1274)
at org.testng.TestNG.runSuitesLocally(TestNG.java:1208)
at org.testng.TestNG.runSuites(TestNG.java:1112)
at org.testng.TestNG.run(TestNG.java:1079)
at org.testng.remote.AbstractRemoteTestNG.run(AbstractRemoteTestNG.java:115)
at org.testng.remote.RemoteTestNG.initAndRun(RemoteTestNG.java:293)
at org.testng.remote.RemoteTestNG.main(RemoteTestNG.java:91)
]]>
            </full-stacktrace>
          </exception> <!-- java.lang.AssertionError -->
          <reporter-output>
          </reporter-output>
        </test-method> <!-- testCreateCart -->
      </class> <!-- testcases.CartTests -->
      <class name="testcases.ProductDataDriven">
        <test-method is-config="true" signature="setUp()[pri:0, instance:testcases.ProductDataDriven@41488b16]" started-at="2025-06-03T14:19:27 IST" name="setUp" finished-at="2025-06-03T14:19:27 IST" duration-ms="3" status="PASS">
          <reporter-output>
          </reporter-output>
        </test-method> <!-- setUp -->
        <test-method signature="testAddNewProduct(java.util.Map)[pri:0, instance:testcases.ProductDataDriven@41488b16]" started-at="2025-06-03T14:19:28 IST" name="testAddNewProduct" data-provider="jsonDataProvider" finished-at="2025-06-03T14:19:29 IST" duration-ms="1563" status="PASS">
          <params>
            <param index="0">
              <value>
                <![CDATA[{id=1, title=Heavy Duty Rubber Car, price=97.45, description=Magni quibusdam nihil magni., image=https://1.pradeep.cc/121, category=beauty}]]>
              </value>
            </param>
          </params>
          <reporter-output>
          </reporter-output>
        </test-method> <!-- testAddNewProduct -->
        <test-method signature="testAddNewProduct(java.util.Map)[pri:0, instance:testcases.ProductDataDriven@41488b16]" started-at="2025-06-03T14:19:29 IST" name="testAddNewProduct" data-provider="jsonDataProvider" finished-at="2025-06-03T14:19:31 IST" duration-ms="1618" status="PASS">
          <params>
            <param index="0">
              <value>
                <![CDATA[{id=2, title=Wireless Sports Headband, price=25.99, description=Comfortable and sweat-resistant for athletes., image=https://1.pradeep.cc/122, category=sports}]]>
              </value>
            </param>
          </params>
          <reporter-output>
          </reporter-output>
        </test-method> <!-- testAddNewProduct -->
        <test-method signature="testAddNewProduct(java.util.Map)[pri:0, instance:testcases.ProductDataDriven@41488b16]" started-at="2025-06-03T14:19:31 IST" name="testAddNewProduct" data-provider="jsonDataProvider" finished-at="2025-06-03T14:19:32 IST" duration-ms="1657" status="PASS">
          <params>
            <param index="0">
              <value>
                <![CDATA[{id=3, title=Smart LED TV 55", price=499.00, description=Ultra HD with built-in apps and voice control., image=https://1.pradeep.cc/123, category=tv}]]>
              </value>
            </param>
          </params>
          <reporter-output>
          </reporter-output>
        </test-method> <!-- testAddNewProduct -->
        <test-method signature="testAddNewProduct(java.util.Map)[pri:0, instance:testcases.ProductDataDriven@41488b16]" started-at="2025-06-03T14:19:32 IST" name="testAddNewProduct" data-provider="jsonDataProvider" finished-at="2025-06-03T14:19:34 IST" duration-ms="1570" status="PASS">
          <params>
            <param index="0">
              <value>
                <![CDATA[{id=4, title=Noise Cancelling Headphones, price=129.99, description=Crystal clear audio with deep bass., image=https://1.pradeep.cc/124, category=audio}]]>
              </value>
            </param>
          </params>
          <reporter-output>
          </reporter-output>
        </test-method> <!-- testAddNewProduct -->
        <test-method signature="testAddNewProduct(java.util.Map)[pri:0, instance:testcases.ProductDataDriven@41488b16]" started-at="2025-06-03T14:19:34 IST" name="testAddNewProduct" data-provider="jsonDataProvider" finished-at="2025-06-03T14:19:36 IST" duration-ms="1613" status="PASS">
          <params>
            <param index="0">
              <value>
                <![CDATA[{id=5, title=4G Dual SIM Smartphone, price=299.99, description=Latest Android OS with long-lasting battery., image=https://1.pradeep.cc/125, category=mobile}]]>
              </value>
            </param>
          </params>
          <reporter-output>
          </reporter-output>
        </test-method> <!-- testAddNewProduct -->
        <test-method signature="testAddNewProduct(java.util.Map)[pri:0, instance:testcases.ProductDataDriven@41488b16]" started-at="2025-06-03T14:19:36 IST" name="testAddNewProduct" data-provider="jsonDataProvider" finished-at="2025-06-03T14:19:37 IST" duration-ms="1527" status="PASS">
          <params>
            <param index="0">
              <value>
                <![CDATA[{id=6, title=Portable Bluetooth Speaker, price=45.50, description=Waterproof and perfect for outdoor use., image=https://1.pradeep.cc/126, category=electronics}]]>
              </value>
            </param>
          </params>
          <reporter-output>
          </reporter-output>
        </test-method> <!-- testAddNewProduct -->
      </class> <!-- testcases.ProductDataDriven -->
      <class name="testcases.ProductsTest">
        <test-method is-config="true" signature="setUp()[pri:0, instance:testcases.ProductsTest@7d9f158f]" started-at="2025-06-03T14:19:14 IST" name="setUp" finished-at="2025-06-03T14:19:15 IST" duration-ms="525" status="PASS">
          <reporter-output>
          </reporter-output>
        </test-method> <!-- setUp -->
        <test-method signature="tetsGetAllProducts()[pri:1, instance:testcases.ProductsTest@7d9f158f]" started-at="2025-06-03T14:19:15 IST" name="tetsGetAllProducts" description="get all products" finished-at="2025-06-03T14:19:18 IST" duration-ms="3732" status="PASS">
          <reporter-output>
          </reporter-output>
        </test-method> <!-- tetsGetAllProducts -->
        <test-method signature="tetsGetSingleProductByID()[pri:2, instance:testcases.ProductsTest@7d9f158f]" started-at="2025-06-03T14:19:19 IST" name="tetsGetSingleProductByID" description="get the single products by ID" finished-at="2025-06-03T14:19:19 IST" duration-ms="853" status="PASS">
          <reporter-output>
          </reporter-output>
        </test-method> <!-- tetsGetSingleProductByID -->
        <test-method signature="tetsGetProductByLimit()[pri:3, instance:testcases.ProductsTest@7d9f158f]" started-at="2025-06-03T14:19:19 IST" name="tetsGetProductByLimit" description="get the  products by limit" finished-at="2025-06-03T14:19:20 IST" duration-ms="844" status="PASS">
          <reporter-output>
          </reporter-output>
        </test-method> <!-- tetsGetProductByLimit -->
        <test-method signature="tetsGetProductBySortedDending()[pri:4, instance:testcases.ProductsTest@7d9f158f]" started-at="2025-06-03T14:19:20 IST" name="tetsGetProductBySortedDending" description="get the  products by sort decending order" finished-at="2025-06-03T14:19:21 IST" duration-ms="874" status="PASS">
          <reporter-output>
          </reporter-output>
        </test-method> <!-- tetsGetProductBySortedDending -->
        <test-method signature="tetsGetProductBySortedAscending()[pri:5, instance:testcases.ProductsTest@7d9f158f]" started-at="2025-06-03T14:19:21 IST" name="tetsGetProductBySortedAscending" description="get the  products by sort decending order" finished-at="2025-06-03T14:19:22 IST" duration-ms="771" status="PASS">
          <reporter-output>
          </reporter-output>
        </test-method> <!-- tetsGetProductBySortedAscending -->
        <test-method signature="tetsGettheAllCategories()[pri:6, instance:testcases.ProductsTest@7d9f158f]" started-at="2025-06-03T14:19:22 IST" name="tetsGettheAllCategories" description="get the  all categories " finished-at="2025-06-03T14:19:23 IST" duration-ms="763" status="PASS">
          <reporter-output>
          </reporter-output>
        </test-method> <!-- tetsGettheAllCategories -->
        <test-method signature="tetsGettheAllByCategories()[pri:7, instance:testcases.ProductsTest@7d9f158f]" started-at="2025-06-03T14:19:23 IST" name="tetsGettheAllByCategories" description="get the  all by  categories " finished-at="2025-06-03T14:19:24 IST" duration-ms="951" status="PASS">
          <reporter-output>
          </reporter-output>
        </test-method> <!-- tetsGettheAllByCategories -->
        <test-method signature="tetsAddnewProduct()[pri:8, instance:testcases.ProductsTest@7d9f158f]" started-at="2025-06-03T14:19:24 IST" name="tetsAddnewProduct" description="add new products " finished-at="2025-06-03T14:19:26 IST" duration-ms="2315" status="PASS">
          <reporter-output>
          </reporter-output>
        </test-method> <!-- tetsAddnewProduct -->
        <test-method signature="tetsUpdateProduct()[pri:9, instance:testcases.ProductsTest@7d9f158f]" started-at="2025-06-03T14:19:26 IST" name="tetsUpdateProduct" description="update the existing product " finished-at="2025-06-03T14:19:27 IST" duration-ms="725" status="PASS">
          <reporter-output>
          </reporter-output>
        </test-method> <!-- tetsUpdateProduct -->
        <test-method signature="tetsDeleteProduct()[pri:10, instance:testcases.ProductsTest@7d9f158f]" started-at="2025-06-03T14:19:27 IST" name="tetsDeleteProduct" description="delete the existing product " finished-at="2025-06-03T14:19:27 IST" duration-ms="729" status="PASS">
          <reporter-output>
          </reporter-output>
        </test-method> <!-- tetsDeleteProduct -->
      </class> <!-- testcases.ProductsTest -->
      <class name="testcases.SchemaTests">
        <test-method is-config="true" signature="setUp()[pri:0, instance:testcases.SchemaTests@7fd7a283]" started-at="2025-06-03T14:19:47 IST" name="setUp" finished-at="2025-06-03T14:19:47 IST" duration-ms="3" status="PASS">
          <reporter-output>
          </reporter-output>
        </test-method> <!-- setUp -->
        <test-method signature="testCartSchema()[pri:0, instance:testcases.SchemaTests@7fd7a283]" started-at="2025-06-03T14:19:47 IST" name="testCartSchema" finished-at="2025-06-03T14:19:48 IST" duration-ms="1407" status="PASS">
          <reporter-output>
          </reporter-output>
        </test-method> <!-- testCartSchema -->
        <test-method signature="testProductSchema()[pri:0, instance:testcases.SchemaTests@7fd7a283]" started-at="2025-06-03T14:19:48 IST" name="testProductSchema" finished-at="2025-06-03T14:19:49 IST" duration-ms="738" status="PASS">
          <reporter-output>
          </reporter-output>
        </test-method> <!-- testProductSchema -->
        <test-method signature="testUserSchema()[pri:0, instance:testcases.SchemaTests@7fd7a283]" started-at="2025-06-03T14:19:49 IST" name="testUserSchema" finished-at="2025-06-03T14:19:50 IST" duration-ms="821" status="PASS">
          <reporter-output>
          </reporter-output>
        </test-method> <!-- testUserSchema -->
      </class> <!-- testcases.SchemaTests -->
      <class name="testcases.LoginTests">
        <test-method is-config="true" signature="setUp()[pri:0, instance:testcases.LoginTests@7ac296f6]" started-at="2025-06-03T14:19:45 IST" name="setUp" finished-at="2025-06-03T14:19:45 IST" duration-ms="1" status="PASS">
          <reporter-output>
          </reporter-output>
        </test-method> <!-- setUp -->
        <test-method signature="testInvalidUserLogin()[pri:0, instance:testcases.LoginTests@7ac296f6]" started-at="2025-06-03T14:19:45 IST" name="testInvalidUserLogin" finished-at="2025-06-03T14:19:46 IST" duration-ms="1320" status="PASS">
          <reporter-output>
          </reporter-output>
        </test-method> <!-- testInvalidUserLogin -->
        <test-method signature="testvalidUserLogin()[pri:0, instance:testcases.LoginTests@7ac296f6]" started-at="2025-06-03T14:19:46 IST" name="testvalidUserLogin" finished-at="2025-06-03T14:19:47 IST" duration-ms="798" status="PASS">
          <reporter-output>
          </reporter-output>
        </test-method> <!-- testvalidUserLogin -->
      </class> <!-- testcases.LoginTests -->
    </test> <!-- Test -->
  </suite> <!--  APU Test Suite -->
</testng-results>
